module(mirth-tests.error-missing-patterns)
import(std.prelude)

data(Foo,
    A,
    B,
    C
)

def(f, Foo --,
    match(A ->, B ->, C ->))

def(g, Foo --,
    match(A ->, B ->))

def(h, Foo --,
    match(A ->, _ -> drop))

def(i, Foo --,
    match())

data(M(t),
    N
)

def(q, M(Int) --,
    match())

def(main, ,)
# mirth-test # merr # 14:5: error: Pattern match not exhaustive.
# mirth-test # merr # 20:5: error: Pattern match not exhaustive.
# mirth-test # merr # 27:5: error: Pattern match not exhaustive.
# mirth-test # mret # 1
